<?xml version="1.0" encoding="UTF-8"?>
<!-- Generated by org.testng.reporters.JUnitXMLReporter -->
<testsuite ignored="0" hostname="DESKTOP-BSNADPU" failures="1" tests="2" name="Test101" time="25.197" errors="0" timestamp="2023-10-15T15:19:42 IST">
  <testcase classname="Tests.Testclass1" name="VerifyOngc" time="8.731"/>
  <testcase classname="Tests.Testclass2" name="OngcPage" time="0.003">
    <failure type="java.lang.NullPointerException" message="Cannot invoke &amp;quot;Pages.VerifyRegistrationPage.sendUserName()&amp;quot; because &amp;quot;this.verifyRegistrationPage&amp;quot; is null">
      <![CDATA[java.lang.NullPointerException: Cannot invoke "Pages.VerifyRegistrationPage.sendUserName()" because "this.verifyRegistrationPage" is null
at Tests.Testclass2.OngcPage(Testclass2.java:12)
at java.base/java.util.ArrayList.forEach(ArrayList.java:1511)
at java.base/java.util.concurrent.FutureTask.run(FutureTask.java:317)
at java.base/java.util.concurrent.ThreadPoolExecutor.runWorker(ThreadPoolExecutor.java:1144)
at java.base/java.util.concurrent.ThreadPoolExecutor$Worker.run(ThreadPoolExecutor.java:642)
at java.base/java.lang.Thread.run(Thread.java:1623)
... Removed 16 stack frames]]>
    </failure>
  </testcase> <!-- OngcPage -->
</testsuite> <!-- Test101 -->
