<?xml version="1.0" encoding="UTF-8"?>
<!-- Generated by org.testng.reporters.JUnitXMLReporter -->
<testsuite ignored="2" hostname="DESKTOP-BSNADPU" failures="0" tests="5" name="Test101" time="19.159" errors="0" timestamp="2023-10-16T13:59:49 IST">
  <testcase classname="Tests.Testclass1" name="@BeforeMethod LaunchBrowser" time="0.0">
    <failure type="java.lang.NullPointerException" message="Cannot invoke &amp;quot;org.openqa.selenium.WebDriver.get(String)&amp;quot; because &amp;quot;this.driver&amp;quot; is null">
      <![CDATA[java.lang.NullPointerException: Cannot invoke "org.openqa.selenium.WebDriver.get(String)" because "this.driver" is null
at Tests.Testclass1.LaunchBrowser(Testclass1.java:76)
at java.base/java.util.concurrent.ThreadPoolExecutor.runWorker(ThreadPoolExecutor.java:1144)
at java.base/java.util.concurrent.ThreadPoolExecutor$Worker.run(ThreadPoolExecutor.java:642)
at java.base/java.lang.Thread.run(Thread.java:1623)
... Removed 14 stack frames]]>
    </failure>
  </testcase> <!-- @BeforeMethod LaunchBrowser -->
  <testcase classname="Tests.Testclass1" name="@AfterMethod CloseBrowser" time="-1.697444975183E9">
    <skipped/>
  </testcase> <!-- @AfterMethod CloseBrowser -->
  <testcase classname="Tests.Testclass1" name="@BeforeMethod LaunchBrowser" time="-1.697444975204E9">
    <skipped/>
  </testcase> <!-- @BeforeMethod LaunchBrowser -->
  <testcase classname="Tests.Testclass1" name="@AfterMethod CloseBrowser" time="-1.697444975248E9">
    <skipped/>
  </testcase> <!-- @AfterMethod CloseBrowser -->
  <testcase classname="Tests.Testclass1" name="@BeforeMethod LaunchBrowser" time="-1.697444975279E9">
    <skipped/>
  </testcase> <!-- @BeforeMethod LaunchBrowser -->
  <testcase classname="Tests.Testclass1" name="@AfterMethod CloseBrowser" time="-1.697444975303E9">
    <skipped/>
  </testcase> <!-- @AfterMethod CloseBrowser -->
  <testcase classname="Tests.Testclass1" name="@AfterClass deleteObject" time="-1.697444975318E9">
    <skipped/>
  </testcase> <!-- @AfterClass deleteObject -->
  <testcase classname="Tests.Testclass1" name="@AfterMethod CloseBrowser" time="-1.697444989121E9">
    <skipped/>
  </testcase> <!-- @AfterMethod CloseBrowser -->
  <testcase classname="Tests.Testclass1" name="@BeforeMethod LaunchBrowser" time="-1.69744498913E9">
    <skipped/>
  </testcase> <!-- @BeforeMethod LaunchBrowser -->
  <testcase classname="Tests.Testclass1" name="@AfterMethod CloseBrowser" time="-1.69744498915E9">
    <skipped/>
  </testcase> <!-- @AfterMethod CloseBrowser -->
  <testcase classname="Tests.Testclass1" name="@AfterClass deleteObject" time="-1.697444989153E9">
    <skipped/>
  </testcase> <!-- @AfterClass deleteObject -->
  <testcase classname="Tests.Testclass1" name="@AfterTest CloseTheBrowser" time="-1.697444989166E9">
    <skipped/>
  </testcase> <!-- @AfterTest CloseTheBrowser -->
  <testcase classname="Tests.Testclass1" name="VerifyOngc" time="0.0">
    <skipped/>
  </testcase> <!-- VerifyOngc -->
  <testcase classname="Tests.Testclass1" name="VerifyUser" time="0.0">
    <skipped/>
  </testcase> <!-- VerifyUser -->
  <testcase classname="Tests.Testclass2" name="OngcPage" time="0.0">
    <skipped/>
  </testcase> <!-- OngcPage -->
  <testcase classname="Tests.Testclass1" name="VerifyOngc" time="0.0">
    <skipped/>
  </testcase> <!-- VerifyOngc -->
  <testcase classname="Tests.Testclass1" name="VerifyUser" time="0.0">
    <skipped/>
  </testcase> <!-- VerifyUser -->
  <testcase classname="Tests.Testclass1" name="@BeforeTest LaunchBrowser" time="0.0">
    <ignored/>
  </testcase> <!-- @BeforeTest LaunchBrowser -->
  <testcase classname="Tests.Testclass1" name="@AfterTest CloseTheBrowser" time="0.0">
    <ignored/>
  </testcase> <!-- @AfterTest CloseTheBrowser -->
</testsuite> <!-- Test101 -->
